0 info it worked if it ends with ok
1 verbose cli [ 'E:\\node.js\\node.exe',
1 verbose cli   'E:\\node.js\\node_modules\\npm\\bin\\npm-cli.js',
1 verbose cli   'run',
1 verbose cli   'dev' ]
2 info using npm@6.4.1
3 info using node@v10.14.2
4 verbose run-script [ 'predev', 'dev', 'postdev' ]
5 info lifecycle say@1.0.0~predev: say@1.0.0
6 info lifecycle say@1.0.0~dev: say@1.0.0
7 verbose lifecycle say@1.0.0~dev: unsafe-perm in lifecycle true
8 verbose lifecycle say@1.0.0~dev: PATH: E:\node.js\node_modules\npm\node_modules\npm-lifecycle\node-gyp-bin;C:\Users\lenovo\Desktop\vue\el\saylist\say\node_modules\.bin;C:\ProgramData\Oracle\Java\javapath;C:\Windows\system32;C:\Windows;C:\Windows\System32\Wbem;C:\Windows\System32\WindowsPowerShell\v1.0\;C:\Program Files (x86)\NVIDIA Corporation\PhysX\Common;C:\WINDOWS\system32;C:\WINDOWS;C:\WINDOWS\System32\Wbem;C:\WINDOWS\System32\WindowsPowerShell\v1.0\;C:\WINDOWS\System32\OpenSSH\;E:\node.js\;E:\git\Git\cmd;D:\mongodb\bin;C:\Users\lenovo\AppData\Roaming\npm\node_modules;C:\Users\lenovo\AppData\Roaming\npm;D:\mongodb\mongo.log;C:\Users\lenovo\AppData\Local\Microsoft\WindowsApps;C:\Users\lenovo\AppData\Roaming\npm;D:\mongodb\bin\;E:\node.js\;D:\mongodb\mongo.log;;C:\Users\lenovo\AppData\Local\Programs\Microsoft VS Code\bin
9 verbose lifecycle say@1.0.0~dev: CWD: C:\Users\lenovo\Desktop\vue\el\saylist\say
10 silly lifecycle say@1.0.0~dev: Args: [ '/d /s /c',
10 silly lifecycle   'webpack-dev-server --inline --progress --config build/webpack.dev.conf.js' ]
11 silly lifecycle say@1.0.0~dev: Returned: code: 1  signal: null
12 info lifecycle say@1.0.0~dev: Failed to exec dev script
13 verbose stack Error: say@1.0.0 dev: `webpack-dev-server --inline --progress --config build/webpack.dev.conf.js`
13 verbose stack Exit status 1
13 verbose stack     at EventEmitter.<anonymous> (E:\node.js\node_modules\npm\node_modules\npm-lifecycle\index.js:301:16)
13 verbose stack     at EventEmitter.emit (events.js:182:13)
13 verbose stack     at ChildProcess.<anonymous> (E:\node.js\node_modules\npm\node_modules\npm-lifecycle\lib\spawn.js:55:14)
13 verbose stack     at ChildProcess.emit (events.js:182:13)
13 verbose stack     at maybeClose (internal/child_process.js:962:16)
13 verbose stack     at Process.ChildProcess._handle.onexit (internal/child_process.js:251:5)
14 verbose pkgid say@1.0.0
15 verbose cwd C:\Users\lenovo\Desktop\vue\el\saylist\say
16 verbose Windows_NT 10.0.17134
17 verbose argv "E:\\node.js\\node.exe" "E:\\node.js\\node_modules\\npm\\bin\\npm-cli.js" "run" "dev"
18 verbose node v10.14.2
19 verbose npm  v6.4.1
20 error code ELIFECYCLE
21 error errno 1
22 error say@1.0.0 dev: `webpack-dev-server --inline --progress --config build/webpack.dev.conf.js`
22 error Exit status 1
23 error Failed at the say@1.0.0 dev script.
23 error This is probably not a problem with npm. There is likely additional logging output above.
24 verbose exit [ 1, true ]
